[2019-12-30 21:32:07] | CInterfaceManager.cpp-L4678: CamCtrl[2020009], U3V SDKVersion(1020009), DriverVersion(0)
[2019-12-30 21:32:08] | CInterfaceManager.cpp-L1066: remalloc RecvBuf succeed, [693248]
[2019-12-30 21:32:08] | CInterfaceManager.cpp-L4149: Camctrl DisplayThread Start, ThreadId[-1233139968]
[2019-12-30 21:32:08] | CInterfaceManager.cpp-L4335: Camctrl RecvThread Start, ThreadId[-1224747264]
[2019-12-30 21:32:52] | CInterfaceManager.cpp-L4678: CamCtrl[2020009], U3V SDKVersion(1020009), DriverVersion(0)
[2019-12-30 21:32:53] | CInterfaceManager.cpp-L1066: remalloc RecvBuf succeed, [693248]
[2019-12-30 21:32:53] | CInterfaceManager.cpp-L4335: Camctrl RecvThread Start, ThreadId[444581632]
[2019-12-30 21:32:53] | CInterfaceManager.cpp-L4149: Camctrl DisplayThread Start, ThreadId[436188928]
[2019-12-31 18:50:15] | CInterfaceManager.cpp-L4678: CamCtrl[2020009], U3V SDKVersion(1020009), DriverVersion(0)
[2019-12-31 18:50:15] | CInterfaceManager.cpp-L1066: remalloc RecvBuf succeed, [693248]
[2019-12-31 18:50:15] | CInterfaceManager.cpp-L4335: Camctrl RecvThread Start, ThreadId[1325389568]
[2019-12-31 18:50:15] | CInterfaceManager.cpp-L4149: Camctrl DisplayThread Start, ThreadId[1316996864]
[2019-12-31 18:50:48] | CInterfaceManager.cpp-L4678: CamCtrl[2020009], U3V SDKVersion(1020009), DriverVersion(0)
[2019-12-31 18:50:49] | CInterfaceManager.cpp-L1066: remalloc RecvBuf succeed, [693248]
[2019-12-31 18:50:49] | CInterfaceManager.cpp-L4335: Camctrl RecvThread Start, ThreadId[-2047781120]
[2019-12-31 18:50:49] | CInterfaceManager.cpp-L4149: Camctrl DisplayThread Start, ThreadId[-2056173824]
[2019-12-31 18:51:09] | CInterfaceManager.cpp-L4678: CamCtrl[2020009], U3V SDKVersion(1020009), DriverVersion(0)
[2019-12-31 18:51:10] | CInterfaceManager.cpp-L1066: remalloc RecvBuf succeed, [693248]
[2019-12-31 18:51:10] | CInterfaceManager.cpp-L4149: Camctrl DisplayThread Start, ThreadId[-1770010880]
[2019-12-31 18:51:10] | CInterfaceManager.cpp-L4335: Camctrl RecvThread Start, ThreadId[-1761618176]
[2019-12-31 19:14:21] | CInterfaceManager.cpp-L4678: CamCtrl[2020009], U3V SDKVersion(1020009), DriverVersion(0)
[2019-12-31 19:14:22] | CInterfaceManager.cpp-L1066: remalloc RecvBuf succeed, [693248]
[2019-12-31 19:14:22] | CInterfaceManager.cpp-L4335: Camctrl RecvThread Start, ThreadId[-638986496]
[2019-12-31 19:14:22] | CInterfaceManager.cpp-L4149: Camctrl DisplayThread Start, ThreadId[-647379200]
[2019-12-31 19:17:04] | CInterfaceManager.cpp-L4678: CamCtrl[2020009], U3V SDKVersion(1020009), DriverVersion(0)
[2019-12-31 19:17:05] | CInterfaceManager.cpp-L1066: remalloc RecvBuf succeed, [693248]
[2019-12-31 19:17:05] | CInterfaceManager.cpp-L4335: Camctrl RecvThread Start, ThreadId[-114592000]
[2019-12-31 19:17:05] | CInterfaceManager.cpp-L4149: Camctrl DisplayThread Start, ThreadId[-122984704]
[2019-12-31 19:37:23] | CInterfaceManager.cpp-L4678: CamCtrl[2020009], U3V SDKVersion(1020009), DriverVersion(0)
[2019-12-31 19:37:24] | CInterfaceManager.cpp-L1066: remalloc RecvBuf succeed, [693248]
[2019-12-31 19:37:24] | CInterfaceManager.cpp-L4149: Camctrl DisplayThread Start, ThreadId[-2136910080]
[2019-12-31 19:37:24] | CInterfaceManager.cpp-L4335: Camctrl RecvThread Start, ThreadId[-2128517376]
[2019-12-31 19:41:01] | CInterfaceManager.cpp-L4678: CamCtrl[2020009], U3V SDKVersion(1020009), DriverVersion(0)
[2019-12-31 19:41:02] | CInterfaceManager.cpp-L1066: remalloc RecvBuf succeed, [693248]
[2019-12-31 19:41:02] | CInterfaceManager.cpp-L4335: Camctrl RecvThread Start, ThreadId[-1597479168]
[2019-12-31 19:41:02] | CInterfaceManager.cpp-L4149: Camctrl DisplayThread Start, ThreadId[-1811941632]
[2019-12-31 19:45:45] | CInterfaceManager.cpp-L4678: CamCtrl[2020009], U3V SDKVersion(1020009), DriverVersion(0)
[2019-12-31 19:45:46] | CInterfaceManager.cpp-L1066: remalloc RecvBuf succeed, [693248]
[2019-12-31 19:45:46] | CInterfaceManager.cpp-L4149: Camctrl DisplayThread Start, ThreadId[900003584]
[2019-12-31 19:45:46] | CInterfaceManager.cpp-L4335: Camctrl RecvThread Start, ThreadId[908396288]
[2019-12-31 19:46:28] | CInterfaceManager.cpp-L4678: CamCtrl[2020009], U3V SDKVersion(1020009), DriverVersion(0)
[2019-12-31 19:46:29] | CInterfaceManager.cpp-L1066: remalloc RecvBuf succeed, [693248]
[2019-12-31 19:46:29] | CInterfaceManager.cpp-L4149: Camctrl DisplayThread Start, ThreadId[-1006635264]
[2019-12-31 19:46:29] | CInterfaceManager.cpp-L4335: Camctrl RecvThread Start, ThreadId[-795478272]
[2019-12-31 19:46:47] | CInterfaceManager.cpp-L4678: CamCtrl[2020009], U3V SDKVersion(1020009), DriverVersion(0)
[2019-12-31 19:46:48] | CInterfaceManager.cpp-L1066: remalloc RecvBuf succeed, [693248]
[2019-12-31 19:46:48] | CInterfaceManager.cpp-L4335: Camctrl RecvThread Start, ThreadId[1989875456]
[2019-12-31 19:46:48] | CInterfaceManager.cpp-L4149: Camctrl DisplayThread Start, ThreadId[1981482752]
[2019-12-31 19:47:38] | CInterfaceManager.cpp-L4678: CamCtrl[2020009], U3V SDKVersion(1020009), DriverVersion(0)
[2019-12-31 19:47:39] | CInterfaceManager.cpp-L1066: remalloc RecvBuf succeed, [693248]
[2019-12-31 19:47:39] | CInterfaceManager.cpp-L4335: Camctrl RecvThread Start, ThreadId[603977472]
[2019-12-31 19:47:39] | CInterfaceManager.cpp-L4149: Camctrl DisplayThread Start, ThreadId[595584768]
[2019-12-31 19:48:42] | CInterfaceManager.cpp-L4678: CamCtrl[2020009], U3V SDKVersion(1020009), DriverVersion(0)
[2019-12-31 19:48:43] | CInterfaceManager.cpp-L1066: remalloc RecvBuf succeed, [693248]
[2019-12-31 19:48:43] | CInterfaceManager.cpp-L4335: Camctrl RecvThread Start, ThreadId[354957056]
[2019-12-31 19:48:43] | CInterfaceManager.cpp-L4149: Camctrl DisplayThread Start, ThreadId[346564352]
[2019-12-31 19:51:59] | CInterfaceManager.cpp-L4678: CamCtrl[2020009], U3V SDKVersion(1020009), DriverVersion(0)
[2019-12-31 19:52:01] | CInterfaceManager.cpp-L1066: remalloc RecvBuf succeed, [693248]
[2019-12-31 19:52:01] | CInterfaceManager.cpp-L4149: Camctrl DisplayThread Start, ThreadId[1879045888]
[2019-12-31 19:52:01] | CInterfaceManager.cpp-L4335: Camctrl RecvThread Start, ThreadId[2092484352]
[2019-12-31 19:52:32] | CInterfaceManager.cpp-L4678: CamCtrl[2020009], U3V SDKVersion(1020009), DriverVersion(0)
[2019-12-31 19:52:33] | CInterfaceManager.cpp-L1066: remalloc RecvBuf succeed, [693248]
[2019-12-31 19:52:33] | CInterfaceManager.cpp-L4335: Camctrl RecvThread Start, ThreadId[-1283463424]
[2019-12-31 19:52:33] | CInterfaceManager.cpp-L4149: Camctrl DisplayThread Start, ThreadId[-1291856128]
[2019-12-31 19:52:46] | CInterfaceManager.cpp-L4678: CamCtrl[2020009], U3V SDKVersion(1020009), DriverVersion(0)
[2019-12-31 19:52:47] | CInterfaceManager.cpp-L1066: remalloc RecvBuf succeed, [693248]
[2019-12-31 19:52:47] | CInterfaceManager.cpp-L4149: Camctrl DisplayThread Start, ThreadId[-1484790016]
[2019-12-31 19:52:47] | CInterfaceManager.cpp-L4335: Camctrl RecvThread Start, ThreadId[-1476397312]
[2019-12-31 19:53:18] | CInterfaceManager.cpp-L4678: CamCtrl[2020009], U3V SDKVersion(1020009), DriverVersion(0)
[2019-12-31 19:53:19] | CInterfaceManager.cpp-L1066: remalloc RecvBuf succeed, [693248]
[2019-12-31 19:53:19] | CInterfaceManager.cpp-L4335: Camctrl RecvThread Start, ThreadId[-179927296]
[2019-12-31 19:53:19] | CInterfaceManager.cpp-L4149: Camctrl DisplayThread Start, ThreadId[-188320000]
[2019-12-31 19:55:44] | CInterfaceManager.cpp-L4678: CamCtrl[2020009], U3V SDKVersion(1020009), DriverVersion(0)
[2019-12-31 19:55:45] | CInterfaceManager.cpp-L1066: remalloc RecvBuf succeed, [693248]
[2019-12-31 19:55:45] | CInterfaceManager.cpp-L4335: Camctrl RecvThread Start, ThreadId[528475904]
[2019-12-31 19:55:45] | CInterfaceManager.cpp-L4149: Camctrl DisplayThread Start, ThreadId[520083200]
[2019-12-31 19:56:26] | CInterfaceManager.cpp-L4678: CamCtrl[2020009], U3V SDKVersion(1020009), DriverVersion(0)
[2019-12-31 19:56:27] | CInterfaceManager.cpp-L1066: remalloc RecvBuf succeed, [693248]
[2019-12-31 19:56:27] | CInterfaceManager.cpp-L4335: Camctrl RecvThread Start, ThreadId[1468000000]
[2019-12-31 19:56:27] | CInterfaceManager.cpp-L4149: Camctrl DisplayThread Start, ThreadId[1459607296]
[2019-12-31 19:59:24] | CInterfaceManager.cpp-L4678: CamCtrl[2020009], U3V SDKVersion(1020009), DriverVersion(0)
[2019-12-31 19:59:25] | CInterfaceManager.cpp-L1066: remalloc RecvBuf succeed, [693248]
[2019-12-31 19:59:25] | CInterfaceManager.cpp-L4149: Camctrl DisplayThread Start, ThreadId[1744828160]
[2019-12-31 19:59:25] | CInterfaceManager.cpp-L4335: Camctrl RecvThread Start, ThreadId[1958614784]
[2019-12-31 19:59:30] | CInterfaceManager.cpp-L4678: CamCtrl[2020009], U3V SDKVersion(1020009), DriverVersion(0)
[2019-12-31 19:59:31] | CInterfaceManager.cpp-L1066: remalloc RecvBuf succeed, [693248]
[2019-12-31 19:59:31] | CInterfaceManager.cpp-L4335: Camctrl RecvThread Start, ThreadId[-454994176]
[2019-12-31 19:59:31] | CInterfaceManager.cpp-L4149: Camctrl DisplayThread Start, ThreadId[-671090944]
[2019-12-31 20:05:52] | CInterfaceManager.cpp-L4678: CamCtrl[2020009], U3V SDKVersion(1020009), DriverVersion(0)
[2019-12-31 20:05:53] | CInterfaceManager.cpp-L1066: remalloc RecvBuf succeed, [693248]
[2019-12-31 20:05:53] | CInterfaceManager.cpp-L4335: Camctrl RecvThread Start, ThreadId[-1841174784]
[2019-12-31 20:05:53] | CInterfaceManager.cpp-L4149: Camctrl DisplayThread Start, ThreadId[-1849567488]
[2019-12-31 20:10:39] | CInterfaceManager.cpp-L4678: CamCtrl[2020009], U3V SDKVersion(1020009), DriverVersion(0)
[2019-12-31 20:10:40] | CInterfaceManager.cpp-L1066: remalloc RecvBuf succeed, [693248]
[2019-12-31 20:10:40] | CInterfaceManager.cpp-L4335: Camctrl RecvThread Start, ThreadId[-916711680]
[2019-12-31 20:10:40] | CInterfaceManager.cpp-L4149: Camctrl DisplayThread Start, ThreadId[-925104384]
[2019-12-31 20:16:22] | CInterfaceManager.cpp-L4678: CamCtrl[2020009], U3V SDKVersion(1020009), DriverVersion(0)
[2019-12-31 20:16:23] | CInterfaceManager.cpp-L1066: remalloc RecvBuf succeed, [693248]
[2019-12-31 20:16:23] | CInterfaceManager.cpp-L4335: Camctrl RecvThread Start, ThreadId[-822094080]
[2019-12-31 20:16:23] | CInterfaceManager.cpp-L4149: Camctrl DisplayThread Start, ThreadId[-830486784]
[2019-12-31 20:21:23] | CInterfaceManager.cpp-L4678: CamCtrl[2020009], U3V SDKVersion(1020009), DriverVersion(0)
[2019-12-31 20:21:24] | CInterfaceManager.cpp-L1066: remalloc RecvBuf succeed, [693248]
[2019-12-31 20:21:24] | CInterfaceManager.cpp-L4335: Camctrl RecvThread Start, ThreadId[777312000]
[2019-12-31 20:21:24] | CInterfaceManager.cpp-L4149: Camctrl DisplayThread Start, ThreadId[768919296]
[2019-12-31 20:22:01] | CInterfaceManager.cpp-L4678: CamCtrl[2020009], U3V SDKVersion(1020009), DriverVersion(0)
[2019-12-31 20:22:03] | CInterfaceManager.cpp-L1066: remalloc RecvBuf succeed, [693248]
[2019-12-31 20:22:03] | CInterfaceManager.cpp-L4335: Camctrl RecvThread Start, ThreadId[469759744]
[2019-12-31 20:22:03] | CInterfaceManager.cpp-L4149: Camctrl DisplayThread Start, ThreadId[461367040]
[2019-12-31 20:22:08] | CInterfaceManager.cpp-L4678: CamCtrl[2020009], U3V SDKVersion(1020009), DriverVersion(0)
[2019-12-31 20:22:09] | CInterfaceManager.cpp-L1066: remalloc RecvBuf succeed, [693248]
[2019-12-31 20:22:09] | CInterfaceManager.cpp-L4335: Camctrl RecvThread Start, ThreadId[1440315136]
[2019-12-31 20:22:09] | CInterfaceManager.cpp-L4149: Camctrl DisplayThread Start, ThreadId[1431922432]
[2019-12-31 20:25:37] | CInterfaceManager.cpp-L4678: CamCtrl[2020009], U3V SDKVersion(1020009), DriverVersion(0)
[2019-12-31 20:25:38] | CInterfaceManager.cpp-L1066: remalloc RecvBuf succeed, [693248]
[2019-12-31 20:25:38] | CInterfaceManager.cpp-L4335: Camctrl RecvThread Start, ThreadId[175359744]
[2019-12-31 20:25:38] | CInterfaceManager.cpp-L4149: Camctrl DisplayThread Start, ThreadId[166967040]
[2019-12-31 20:26:01] | CInterfaceManager.cpp-L4678: CamCtrl[2020009], U3V SDKVersion(1020009), DriverVersion(0)
[2019-12-31 20:26:02] | CInterfaceManager.cpp-L1066: remalloc RecvBuf succeed, [693248]
[2019-12-31 20:26:02] | CInterfaceManager.cpp-L4149: Camctrl DisplayThread Start, ThreadId[-679483648]
[2019-12-31 20:26:02] | CInterfaceManager.cpp-L4335: Camctrl RecvThread Start, ThreadId[-671090944]
[2019-12-31 20:27:11] | CInterfaceManager.cpp-L4678: CamCtrl[2020009], U3V SDKVersion(1020009), DriverVersion(0)
[2019-12-31 20:27:12] | CInterfaceManager.cpp-L1066: remalloc RecvBuf succeed, [693248]
[2019-12-31 20:27:12] | CInterfaceManager.cpp-L4335: Camctrl RecvThread Start, ThreadId[402650880]
[2019-12-31 20:27:12] | CInterfaceManager.cpp-L4149: Camctrl DisplayThread Start, ThreadId[394258176]
[2019-12-31 20:28:13] | CInterfaceManager.cpp-L4678: CamCtrl[2020009], U3V SDKVersion(1020009), DriverVersion(0)
[2019-12-31 20:28:14] | CInterfaceManager.cpp-L1066: remalloc RecvBuf succeed, [693248]
[2019-12-31 20:28:14] | CInterfaceManager.cpp-L4335: Camctrl RecvThread Start, ThreadId[1923319552]
[2019-12-31 20:28:14] | CInterfaceManager.cpp-L4149: Camctrl DisplayThread Start, ThreadId[1914926848]
[2019-12-31 20:28:55] | CInterfaceManager.cpp-L4678: CamCtrl[2020009], U3V SDKVersion(1020009), DriverVersion(0)
[2019-12-31 20:28:56] | CInterfaceManager.cpp-L1066: remalloc RecvBuf succeed, [693248]
[2019-12-31 20:28:56] | CInterfaceManager.cpp-L4335: Camctrl RecvThread Start, ThreadId[-83896576]
[2019-12-31 20:28:56] | CInterfaceManager.cpp-L4149: Camctrl DisplayThread Start, ThreadId[-92289280]
[2019-12-31 20:33:14] | CInterfaceManager.cpp-L4678: CamCtrl[2020009], U3V SDKVersion(1020009), DriverVersion(0)
[2019-12-31 20:33:15] | CInterfaceManager.cpp-L1066: remalloc RecvBuf succeed, [693248]
[2019-12-31 20:33:15] | CInterfaceManager.cpp-L4149: Camctrl DisplayThread Start, ThreadId[469759744]
[2019-12-31 20:33:15] | CInterfaceManager.cpp-L4335: Camctrl RecvThread Start, ThreadId[681531136]
[2019-12-31 20:33:39] | CInterfaceManager.cpp-L4678: CamCtrl[2020009], U3V SDKVersion(1020009), DriverVersion(0)
[2019-12-31 20:33:40] | CInterfaceManager.cpp-L1066: remalloc RecvBuf succeed, [693248]
[2019-12-31 20:33:40] | CInterfaceManager.cpp-L4149: Camctrl DisplayThread Start, ThreadId[-92289280]
[2019-12-31 20:33:40] | CInterfaceManager.cpp-L4335: Camctrl RecvThread Start, ThreadId[-83896576]
[2019-12-31 20:35:19] | CInterfaceManager.cpp-L4678: CamCtrl[2020009], U3V SDKVersion(1020009), DriverVersion(0)
[2019-12-31 20:35:20] | CInterfaceManager.cpp-L1066: remalloc RecvBuf succeed, [693248]
[2019-12-31 20:35:20] | CInterfaceManager.cpp-L4335: Camctrl RecvThread Start, ThreadId[1988175616]
[2019-12-31 20:35:20] | CInterfaceManager.cpp-L4149: Camctrl DisplayThread Start, ThreadId[1979782912]
[2019-12-31 20:39:47] | CInterfaceManager.cpp-L4678: CamCtrl[2020009], U3V SDKVersion(1020009), DriverVersion(0)
[2019-12-31 20:39:48] | CInterfaceManager.cpp-L1066: remalloc RecvBuf succeed, [693248]
[2019-12-31 20:39:48] | CInterfaceManager.cpp-L4149: Camctrl DisplayThread Start, ThreadId[1911998208]
[2019-12-31 20:39:48] | CInterfaceManager.cpp-L4335: Camctrl RecvThread Start, ThreadId[1920390912]
[2019-12-31 20:42:59] | CInterfaceManager.cpp-L4678: CamCtrl[2020009], U3V SDKVersion(1020009), DriverVersion(0)
[2019-12-31 20:43:00] | CInterfaceManager.cpp-L1066: remalloc RecvBuf succeed, [693248]
[2019-12-31 20:43:00] | CInterfaceManager.cpp-L4335: Camctrl RecvThread Start, ThreadId[1400891136]
[2019-12-31 20:43:00] | CInterfaceManager.cpp-L4149: Camctrl DisplayThread Start, ThreadId[1392498432]
[2019-12-31 20:43:05] | CInterfaceManager.cpp-L4678: CamCtrl[2020009], U3V SDKVersion(1020009), DriverVersion(0)
[2019-12-31 20:43:06] | CInterfaceManager.cpp-L1066: remalloc RecvBuf succeed, [693248]
[2019-12-31 20:43:06] | CInterfaceManager.cpp-L4335: Camctrl RecvThread Start, ThreadId[824227584]
[2019-12-31 20:43:06] | CInterfaceManager.cpp-L4149: Camctrl DisplayThread Start, ThreadId[815834880]
[2019-12-31 20:44:30] | CInterfaceManager.cpp-L4678: CamCtrl[2020009], U3V SDKVersion(1020009), DriverVersion(0)
[2019-12-31 20:44:31] | CInterfaceManager.cpp-L1066: remalloc RecvBuf succeed, [693248]
[2019-12-31 20:44:31] | CInterfaceManager.cpp-L4335: Camctrl RecvThread Start, ThreadId[1556989696]
[2019-12-31 20:44:31] | CInterfaceManager.cpp-L4149: Camctrl DisplayThread Start, ThreadId[1342174976]
[2019-12-31 20:48:51] | CInterfaceManager.cpp-L4678: CamCtrl[2020009], U3V SDKVersion(1020009), DriverVersion(0)
[2019-12-31 20:48:52] | CInterfaceManager.cpp-L1066: remalloc RecvBuf succeed, [693248]
[2019-12-31 20:48:52] | CInterfaceManager.cpp-L4335: Camctrl RecvThread Start, ThreadId[-754985216]
[2019-12-31 20:48:52] | CInterfaceManager.cpp-L4149: Camctrl DisplayThread Start, ThreadId[-763377920]
[2019-12-31 20:49:57] | CInterfaceManager.cpp-L4678: CamCtrl[2020009], U3V SDKVersion(1020009), DriverVersion(0)
[2019-12-31 20:49:58] | CInterfaceManager.cpp-L1066: remalloc RecvBuf succeed, [693248]
[2019-12-31 20:49:58] | CInterfaceManager.cpp-L4149: Camctrl DisplayThread Start, ThreadId[1300727552]
[2019-12-31 20:49:58] | CInterfaceManager.cpp-L4335: Camctrl RecvThread Start, ThreadId[1309120256]
[2019-12-31 21:24:36] | CInterfaceManager.cpp-L4678: CamCtrl[2020009], U3V SDKVersion(1020009), DriverVersion(0)
[2019-12-31 21:24:37] | CInterfaceManager.cpp-L1066: remalloc RecvBuf succeed, [693248]
[2019-12-31 21:24:37] | CInterfaceManager.cpp-L4149: Camctrl DisplayThread Start, ThreadId[-787986688]
[2019-12-31 21:24:37] | CInterfaceManager.cpp-L4335: Camctrl RecvThread Start, ThreadId[-779593984]
[2020-01-02 16:44:06] | CInterfaceManager.cpp-L4678: CamCtrl[2020009], U3V SDKVersion(1020009), DriverVersion(0)
[2020-01-02 16:44:07] | CInterfaceManager.cpp-L1066: remalloc RecvBuf succeed, [693248]
[2020-01-02 16:44:07] | CInterfaceManager.cpp-L4335: Camctrl RecvThread Start, ThreadId[1795151616]
[2020-01-02 16:44:07] | CInterfaceManager.cpp-L4149: Camctrl DisplayThread Start, ThreadId[1786758912]
[2020-01-02 16:44:46] | CInterfaceManager.cpp-L4678: CamCtrl[2020009], U3V SDKVersion(1020009), DriverVersion(0)
[2020-01-02 16:44:47] | CInterfaceManager.cpp-L1066: remalloc RecvBuf succeed, [693248]
[2020-01-02 16:44:47] | CInterfaceManager.cpp-L4335: Camctrl RecvThread Start, ThreadId[89466624]
[2020-01-02 16:44:47] | CInterfaceManager.cpp-L4149: Camctrl DisplayThread Start, ThreadId[81073920]
[2020-01-02 16:45:03] | CInterfaceManager.cpp-L4678: CamCtrl[2020009], U3V SDKVersion(1020009), DriverVersion(0)
[2020-01-02 16:45:04] | CInterfaceManager.cpp-L1066: remalloc RecvBuf succeed, [693248]
[2020-01-02 16:45:04] | CInterfaceManager.cpp-L4335: Camctrl RecvThread Start, ThreadId[585611008]
[2020-01-02 16:45:04] | CInterfaceManager.cpp-L4149: Camctrl DisplayThread Start, ThreadId[577218304]
[2020-01-02 16:46:49] | CInterfaceManager.cpp-L4678: CamCtrl[2020009], U3V SDKVersion(1020009), DriverVersion(0)
[2020-01-02 16:46:50] | CInterfaceManager.cpp-L1066: remalloc RecvBuf succeed, [693248]
[2020-01-02 16:46:50] | CInterfaceManager.cpp-L4149: Camctrl DisplayThread Start, ThreadId[318756608]
[2020-01-02 16:46:50] | CInterfaceManager.cpp-L4335: Camctrl RecvThread Start, ThreadId[327149312]
[2020-01-02 16:47:42] | CInterfaceManager.cpp-L4678: CamCtrl[2020009], U3V SDKVersion(1020009), DriverVersion(0)
[2020-01-02 16:47:43] | CInterfaceManager.cpp-L1066: remalloc RecvBuf succeed, [693248]
[2020-01-02 16:47:44] | CInterfaceManager.cpp-L4335: Camctrl RecvThread Start, ThreadId[1660933888]
[2020-01-02 16:47:44] | CInterfaceManager.cpp-L4149: Camctrl DisplayThread Start, ThreadId[1652541184]
[2020-01-02 16:47:56] | CInterfaceManager.cpp-L4678: CamCtrl[2020009], U3V SDKVersion(1020009), DriverVersion(0)
[2020-01-02 16:47:57] | CInterfaceManager.cpp-L1066: remalloc RecvBuf succeed, [693248]
[2020-01-02 16:47:57] | CInterfaceManager.cpp-L4335: Camctrl RecvThread Start, ThreadId[1996478208]
[2020-01-02 16:47:57] | CInterfaceManager.cpp-L4149: Camctrl DisplayThread Start, ThreadId[1988085504]
[2020-01-02 16:48:15] | CInterfaceManager.cpp-L4678: CamCtrl[2020009], U3V SDKVersion(1020009), DriverVersion(0)
[2020-01-02 16:48:16] | CInterfaceManager.cpp-L1066: remalloc RecvBuf succeed, [693248]
[2020-01-02 16:48:16] | CInterfaceManager.cpp-L4335: Camctrl RecvThread Start, ThreadId[-1174702336]
[2020-01-02 16:48:16] | CInterfaceManager.cpp-L4149: Camctrl DisplayThread Start, ThreadId[-1183095040]
[2020-01-02 16:48:54] | CInterfaceManager.cpp-L4678: CamCtrl[2020009], U3V SDKVersion(1020009), DriverVersion(0)
[2020-01-02 16:48:55] | CInterfaceManager.cpp-L1066: remalloc RecvBuf succeed, [693248]
[2020-01-02 16:48:55] | CInterfaceManager.cpp-L4335: Camctrl RecvThread Start, ThreadId[1602217728]
[2020-01-02 16:48:55] | CInterfaceManager.cpp-L4149: Camctrl DisplayThread Start, ThreadId[1593825024]
[2020-01-02 16:49:29] | CInterfaceManager.cpp-L4678: CamCtrl[2020009], U3V SDKVersion(1020009), DriverVersion(0)
[2020-01-02 16:49:30] | CInterfaceManager.cpp-L1066: remalloc RecvBuf succeed, [693248]
[2020-01-02 16:49:30] | CInterfaceManager.cpp-L4335: Camctrl RecvThread Start, ThreadId[153429760]
[2020-01-02 16:49:30] | CInterfaceManager.cpp-L4149: Camctrl DisplayThread Start, ThreadId[145037056]
[2020-01-02 16:49:56] | CInterfaceManager.cpp-L4678: CamCtrl[2020009], U3V SDKVersion(1020009), DriverVersion(0)
[2020-01-02 16:49:57] | CInterfaceManager.cpp-L1066: remalloc RecvBuf succeed, [693248]
[2020-01-02 16:49:57] | CInterfaceManager.cpp-L4335: Camctrl RecvThread Start, ThreadId[-2125498624]
[2020-01-02 16:49:57] | CInterfaceManager.cpp-L4149: Camctrl DisplayThread Start, ThreadId[-2133891328]
[2020-01-02 16:50:17] | CInterfaceManager.cpp-L4678: CamCtrl[2020009], U3V SDKVersion(1020009), DriverVersion(0)
[2020-01-02 16:50:18] | CInterfaceManager.cpp-L1066: remalloc RecvBuf succeed, [693248]
[2020-01-02 16:50:18] | CInterfaceManager.cpp-L4335: Camctrl RecvThread Start, ThreadId[-1560291584]
[2020-01-02 16:50:18] | CInterfaceManager.cpp-L4149: Camctrl DisplayThread Start, ThreadId[-1568684288]
[2020-01-02 16:50:39] | CInterfaceManager.cpp-L4678: CamCtrl[2020009], U3V SDKVersion(1020009), DriverVersion(0)
[2020-01-02 16:50:40] | CInterfaceManager.cpp-L1066: remalloc RecvBuf succeed, [693248]
[2020-01-02 16:50:40] | CInterfaceManager.cpp-L4335: Camctrl RecvThread Start, ThreadId[-352332032]
[2020-01-02 16:50:40] | CInterfaceManager.cpp-L4149: Camctrl DisplayThread Start, ThreadId[-360724736]
[2020-01-02 17:16:21] | CInterfaceManager.cpp-L4678: CamCtrl[2020009], U3V SDKVersion(1020009), DriverVersion(0)
[2020-01-02 17:16:22] | CInterfaceManager.cpp-L1066: remalloc RecvBuf succeed, [693248]
[2020-01-02 17:16:22] | CInterfaceManager.cpp-L4335: Camctrl RecvThread Start, ThreadId[887039744]
[2020-01-02 17:16:22] | CInterfaceManager.cpp-L4149: Camctrl DisplayThread Start, ThreadId[671086336]
[2020-01-02 17:17:30] | CInterfaceManager.cpp-L4678: CamCtrl[2020009], U3V SDKVersion(1020009), DriverVersion(0)
[2020-01-02 17:17:31] | CInterfaceManager.cpp-L1066: remalloc RecvBuf succeed, [693248]
[2020-01-02 17:17:31] | CInterfaceManager.cpp-L4335: Camctrl RecvThread Start, ThreadId[1297176320]
[2020-01-02 17:17:31] | CInterfaceManager.cpp-L4149: Camctrl DisplayThread Start, ThreadId[1288783616]
[2020-01-02 17:22:47] | CInterfaceManager.cpp-L4678: CamCtrl[2020009], U3V SDKVersion(1020009), DriverVersion(0)
[2020-01-02 17:22:48] | CInterfaceManager.cpp-L1066: remalloc RecvBuf succeed, [693248]
[2020-01-02 17:22:48] | CInterfaceManager.cpp-L4149: Camctrl DisplayThread Start, ThreadId[-1308641536]
[2020-01-02 17:22:48] | CInterfaceManager.cpp-L4335: Camctrl RecvThread Start, ThreadId[-1300248832]
[2020-01-02 17:24:28] | CInterfaceManager.cpp-L4678: CamCtrl[2020009], U3V SDKVersion(1020009), DriverVersion(0)
[2020-01-02 17:24:29] | CInterfaceManager.cpp-L1066: remalloc RecvBuf succeed, [693248]
[2020-01-02 17:24:29] | CInterfaceManager.cpp-L4335: Camctrl RecvThread Start, ThreadId[-929790208]
[2020-01-02 17:24:29] | CInterfaceManager.cpp-L4149: Camctrl DisplayThread Start, ThreadId[-1140852992]
[2020-01-02 17:24:41] | CInterfaceManager.cpp-L4678: CamCtrl[2020009], U3V SDKVersion(1020009), DriverVersion(0)
[2020-01-02 17:24:42] | CInterfaceManager.cpp-L1066: remalloc RecvBuf succeed, [693248]
[2020-01-02 17:24:42] | CInterfaceManager.cpp-L4335: Camctrl RecvThread Start, ThreadId[-343939328]
[2020-01-02 17:24:42] | CInterfaceManager.cpp-L4149: Camctrl DisplayThread Start, ThreadId[-352332032]
[2020-01-02 17:25:11] | CInterfaceManager.cpp-L4678: CamCtrl[2020009], U3V SDKVersion(1020009), DriverVersion(0)
[2020-01-02 17:25:12] | CInterfaceManager.cpp-L1066: remalloc RecvBuf succeed, [693248]
[2020-01-02 17:25:12] | CInterfaceManager.cpp-L4335: Camctrl RecvThread Start, ThreadId[-256493824]
[2020-01-02 17:25:12] | CInterfaceManager.cpp-L4149: Camctrl DisplayThread Start, ThreadId[-469764352]
[2020-01-02 18:29:16] | CInterfaceManager.cpp-L4678: CamCtrl[2020009], U3V SDKVersion(1020009), DriverVersion(0)
[2020-01-02 18:29:17] | CInterfaceManager.cpp-L1066: remalloc RecvBuf succeed, [693248]
[2020-01-02 18:29:17] | CInterfaceManager.cpp-L4335: Camctrl RecvThread Start, ThreadId[-920258816]
[2020-01-02 18:29:17] | CInterfaceManager.cpp-L4149: Camctrl DisplayThread Start, ThreadId[-928651520]
[2020-01-02 18:29:57] | CInterfaceManager.cpp-L4678: CamCtrl[2020009], U3V SDKVersion(1020009), DriverVersion(0)
[2020-01-02 18:29:58] | CInterfaceManager.cpp-L1066: remalloc RecvBuf succeed, [693248]
[2020-01-02 18:29:58] | CInterfaceManager.cpp-L4335: Camctrl RecvThread Start, ThreadId[948016896]
[2020-01-02 18:29:58] | CInterfaceManager.cpp-L4149: Camctrl DisplayThread Start, ThreadId[738195200]
[2020-01-02 18:30:48] | CInterfaceManager.cpp-L4678: CamCtrl[2020009], U3V SDKVersion(1020009), DriverVersion(0)
[2020-01-02 18:30:49] | CInterfaceManager.cpp-L1066: remalloc RecvBuf succeed, [693248]
[2020-01-02 18:30:49] | CInterfaceManager.cpp-L4335: Camctrl RecvThread Start, ThreadId[2031527680]
[2020-01-02 18:30:49] | CInterfaceManager.cpp-L4149: Camctrl DisplayThread Start, ThreadId[2023134976]
[2020-01-02 18:33:32] | CInterfaceManager.cpp-L4678: CamCtrl[2020009], U3V SDKVersion(1020009), DriverVersion(0)
[2020-01-02 18:33:33] | CInterfaceManager.cpp-L1066: remalloc RecvBuf succeed, [693248]
[2020-01-02 18:33:33] | CInterfaceManager.cpp-L4335: Camctrl RecvThread Start, ThreadId[379520768]
[2020-01-02 18:33:33] | CInterfaceManager.cpp-L4149: Camctrl DisplayThread Start, ThreadId[371128064]
[2020-01-02 18:34:56] | CInterfaceManager.cpp-L4678: CamCtrl[2020009], U3V SDKVersion(1020009), DriverVersion(0)
[2020-01-03 17:59:35] | CInterfaceManager.cpp-L4678: CamCtrl[2020009], U3V SDKVersion(1020009), DriverVersion(0)
[2020-01-03 17:59:37] | CInterfaceManager.cpp-L1066: remalloc RecvBuf succeed, [693248]
[2020-01-03 17:59:37] | CInterfaceManager.cpp-L4149: Camctrl DisplayThread Start, ThreadId[-1677723904]
[2020-01-03 17:59:37] | CInterfaceManager.cpp-L4335: Camctrl RecvThread Start, ThreadId[-1460164864]
[2020-01-03 18:05:54] | CInterfaceManager.cpp-L4678: CamCtrl[2020009], U3V SDKVersion(1020009), DriverVersion(0)
[2020-01-03 18:05:55] | CInterfaceManager.cpp-L1066: remalloc RecvBuf succeed, [693248]
[2020-01-03 18:05:55] | CInterfaceManager.cpp-L4149: Camctrl DisplayThread Start, ThreadId[-897595648]
[2020-01-03 18:05:55] | CInterfaceManager.cpp-L4335: Camctrl RecvThread Start, ThreadId[-889202944]
[2020-01-03 18:44:54] | CInterfaceManager.cpp-L4678: CamCtrl[2020009], U3V SDKVersion(1020009), DriverVersion(0)
[2020-01-03 18:44:55] | CInterfaceManager.cpp-L1066: remalloc RecvBuf succeed, [693248]
[2020-01-03 18:44:55] | CInterfaceManager.cpp-L4335: Camctrl RecvThread Start, ThreadId[-1568684288]
[2020-01-03 18:44:55] | CInterfaceManager.cpp-L4149: Camctrl DisplayThread Start, ThreadId[-1577076992]
[2020-01-03 18:46:14] | CInterfaceManager.cpp-L4678: CamCtrl[2020009], U3V SDKVersion(1020009), DriverVersion(0)
[2020-01-03 18:46:32] | CInterfaceManager.cpp-L4678: CamCtrl[2020009], U3V SDKVersion(1020009), DriverVersion(0)
[2020-01-03 18:46:33] | CInterfaceManager.cpp-L1066: remalloc RecvBuf succeed, [693248]
[2020-01-03 18:46:33] | CInterfaceManager.cpp-L4335: Camctrl RecvThread Start, ThreadId[-1342179584]
[2020-01-03 18:46:33] | CInterfaceManager.cpp-L4149: Camctrl DisplayThread Start, ThreadId[-1350572288]
[2020-01-03 18:47:55] | CInterfaceManager.cpp-L4678: CamCtrl[2020009], U3V SDKVersion(1020009), DriverVersion(0)
[2020-01-03 18:47:57] | CInterfaceManager.cpp-L1066: remalloc RecvBuf succeed, [693248]
[2020-01-03 18:47:57] | CInterfaceManager.cpp-L4149: Camctrl DisplayThread Start, ThreadId[976500480]
[2020-01-03 18:47:57] | CInterfaceManager.cpp-L4335: Camctrl RecvThread Start, ThreadId[984893184]
[2020-01-03 18:51:20] | CInterfaceManager.cpp-L4678: CamCtrl[2020009], U3V SDKVersion(1020009), DriverVersion(0)
[2020-01-03 18:51:21] | CInterfaceManager.cpp-L1066: remalloc RecvBuf succeed, [693248]
[2020-01-03 18:51:21] | CInterfaceManager.cpp-L4335: Camctrl RecvThread Start, ThreadId[-90192128]
[2020-01-03 18:51:21] | CInterfaceManager.cpp-L4149: Camctrl DisplayThread Start, ThreadId[-98584832]
[2020-01-03 18:59:03] | CInterfaceManager.cpp-L4678: CamCtrl[2020009], U3V SDKVersion(1020009), DriverVersion(0)
[2020-01-03 18:59:04] | CInterfaceManager.cpp-L1066: remalloc RecvBuf succeed, [693248]
[2020-01-03 18:59:04] | CInterfaceManager.cpp-L4335: Camctrl RecvThread Start, ThreadId[-191334656]
[2020-01-03 18:59:04] | CInterfaceManager.cpp-L4149: Camctrl DisplayThread Start, ThreadId[-402655488]
[2020-01-03 19:01:04] | CInterfaceManager.cpp-L4678: CamCtrl[2020009], U3V SDKVersion(1020009), DriverVersion(0)
[2020-01-03 19:01:05] | CInterfaceManager.cpp-L1066: remalloc RecvBuf succeed, [693248]
[2020-01-03 19:01:05] | CInterfaceManager.cpp-L4335: Camctrl RecvThread Start, ThreadId[-508483840]
[2020-01-03 19:01:05] | CInterfaceManager.cpp-L4149: Camctrl DisplayThread Start, ThreadId[-516876544]
[2020-01-03 19:01:32] | CInterfaceManager.cpp-L4678: CamCtrl[2020009], U3V SDKVersion(1020009), DriverVersion(0)
[2020-01-03 19:01:33] | CInterfaceManager.cpp-L1066: remalloc RecvBuf succeed, [693248]
[2020-01-03 19:01:33] | CInterfaceManager.cpp-L4335: Camctrl RecvThread Start, ThreadId[-1224747264]
[2020-01-03 19:01:33] | CInterfaceManager.cpp-L4149: Camctrl DisplayThread Start, ThreadId[-1233139968]
[2020-01-03 19:06:50] | CInterfaceManager.cpp-L4678: CamCtrl[2020009], U3V SDKVersion(1020009), DriverVersion(0)
[2020-01-03 19:06:51] | CInterfaceManager.cpp-L1066: remalloc RecvBuf succeed, [693248]
[2020-01-03 19:06:51] | CInterfaceManager.cpp-L4335: Camctrl RecvThread Start, ThreadId[1325389568]
[2020-01-03 19:06:51] | CInterfaceManager.cpp-L4149: Camctrl DisplayThread Start, ThreadId[1316996864]
[2020-01-03 19:09:34] | CInterfaceManager.cpp-L4678: CamCtrl[2020009], U3V SDKVersion(1020009), DriverVersion(0)
[2020-01-03 19:09:35] | CInterfaceManager.cpp-L1066: remalloc RecvBuf succeed, [693248]
[2020-01-03 19:09:35] | CInterfaceManager.cpp-L4335: Camctrl RecvThread Start, ThreadId[1096713984]
[2020-01-03 19:09:35] | CInterfaceManager.cpp-L4149: Camctrl DisplayThread Start, ThreadId[1088321280]
[2020-01-04 15:20:02] | CInterfaceManager.cpp-L4678: CamCtrl[2020009], U3V SDKVersion(1020009), DriverVersion(0)
[2020-01-04 15:20:03] | CInterfaceManager.cpp-L1066: remalloc RecvBuf succeed, [693248]
[2020-01-04 15:20:03] | CInterfaceManager.cpp-L4335: Camctrl RecvThread Start, ThreadId[978110208]
[2020-01-04 15:20:03] | CInterfaceManager.cpp-L4149: Camctrl DisplayThread Start, ThreadId[969717504]
[2020-01-04 20:37:49] | CInterfaceManager.cpp-L4678: CamCtrl[2020009], U3V SDKVersion(1020009), DriverVersion(0)
[2020-01-04 20:37:50] | CInterfaceManager.cpp-L1066: remalloc RecvBuf succeed, [693248]
[2020-01-04 20:37:50] | CInterfaceManager.cpp-L4335: Camctrl RecvThread Start, ThreadId[922736384]
[2020-01-04 20:37:50] | CInterfaceManager.cpp-L4149: Camctrl DisplayThread Start, ThreadId[914343680]
[2020-01-04 20:39:00] | CInterfaceManager.cpp-L4678: CamCtrl[2020009], U3V SDKVersion(1020009), DriverVersion(0)
[2020-01-04 20:39:01] | CInterfaceManager.cpp-L1066: remalloc RecvBuf succeed, [693248]
[2020-01-04 20:39:01] | CInterfaceManager.cpp-L4335: Camctrl RecvThread Start, ThreadId[1160947456]
[2020-01-04 20:39:01] | CInterfaceManager.cpp-L4149: Camctrl DisplayThread Start, ThreadId[1152554752]
[2020-01-04 20:39:28] | CInterfaceManager.cpp-L4678: CamCtrl[2020009], U3V SDKVersion(1020009), DriverVersion(0)
[2020-01-04 20:39:29] | CInterfaceManager.cpp-L1066: remalloc RecvBuf succeed, [693248]
[2020-01-04 20:39:29] | CInterfaceManager.cpp-L4335: Camctrl RecvThread Start, ThreadId[-175810816]
[2020-01-04 20:39:29] | CInterfaceManager.cpp-L4149: Camctrl DisplayThread Start, ThreadId[-184203520]
[2020-01-04 20:39:43] | CInterfaceManager.cpp-L4678: CamCtrl[2020009], U3V SDKVersion(1020009), DriverVersion(0)
[2020-01-04 20:39:44] | CInterfaceManager.cpp-L1066: remalloc RecvBuf succeed, [693248]
[2020-01-04 20:39:44] | CInterfaceManager.cpp-L4149: Camctrl DisplayThread Start, ThreadId[145544960]
[2020-01-04 20:39:44] | CInterfaceManager.cpp-L4335: Camctrl RecvThread Start, ThreadId[153937664]
[2020-01-04 20:40:00] | CInterfaceManager.cpp-L4678: CamCtrl[2020009], U3V SDKVersion(1020009), DriverVersion(0)
[2020-01-04 20:40:01] | CInterfaceManager.cpp-L1066: remalloc RecvBuf succeed, [693248]
[2020-01-04 20:40:01] | CInterfaceManager.cpp-L4335: Camctrl RecvThread Start, ThreadId[-1300248832]
[2020-01-04 20:40:01] | CInterfaceManager.cpp-L4149: Camctrl DisplayThread Start, ThreadId[-1308641536]
[2020-01-04 20:40:09] | CInterfaceManager.cpp-L4678: CamCtrl[2020009], U3V SDKVersion(1020009), DriverVersion(0)
[2020-01-04 20:40:10] | CInterfaceManager.cpp-L1066: remalloc RecvBuf succeed, [693248]
[2020-01-04 20:40:10] | CInterfaceManager.cpp-L4335: Camctrl RecvThread Start, ThreadId[-2126407936]
[2020-01-04 20:40:10] | CInterfaceManager.cpp-L4149: Camctrl DisplayThread Start, ThreadId[-2134800640]
[2020-01-04 20:41:17] | CInterfaceManager.cpp-L4678: CamCtrl[2020009], U3V SDKVersion(1020009), DriverVersion(0)
[2020-01-04 20:41:18] | CInterfaceManager.cpp-L1066: remalloc RecvBuf succeed, [693248]
[2020-01-04 20:41:18] | CInterfaceManager.cpp-L4335: Camctrl RecvThread Start, ThreadId[973534976]
[2020-01-04 20:41:18] | CInterfaceManager.cpp-L4149: Camctrl DisplayThread Start, ThreadId[965142272]
[2020-01-04 20:42:08] | CInterfaceManager.cpp-L4678: CamCtrl[2020009], U3V SDKVersion(1020009), DriverVersion(0)
[2020-01-04 20:42:09] | CInterfaceManager.cpp-L1066: remalloc RecvBuf succeed, [693248]
[2020-01-04 20:42:09] | CInterfaceManager.cpp-L4335: Camctrl RecvThread Start, ThreadId[50321152]
[2020-01-04 20:42:09] | CInterfaceManager.cpp-L4149: Camctrl DisplayThread Start, ThreadId[41928448]
[2020-01-04 20:43:13] | CInterfaceManager.cpp-L4678: CamCtrl[2020009], U3V SDKVersion(1020009), DriverVersion(0)
[2020-01-04 20:43:14] | CInterfaceManager.cpp-L1066: remalloc RecvBuf succeed, [693248]
[2020-01-04 20:43:14] | CInterfaceManager.cpp-L4335: Camctrl RecvThread Start, ThreadId[1303009024]
[2020-01-04 20:43:14] | CInterfaceManager.cpp-L4149: Camctrl DisplayThread Start, ThreadId[1294616320]
[2020-01-04 20:47:32] | CInterfaceManager.cpp-L4678: CamCtrl[2020009], U3V SDKVersion(1020009), DriverVersion(0)
[2020-01-04 20:47:33] | CInterfaceManager.cpp-L1066: remalloc RecvBuf succeed, [693248]
[2020-01-04 20:47:33] | CInterfaceManager.cpp-L4335: Camctrl RecvThread Start, ThreadId[-151005440]
[2020-01-04 20:47:33] | CInterfaceManager.cpp-L4149: Camctrl DisplayThread Start, ThreadId[-159398144]
[2020-01-04 20:51:39] | CInterfaceManager.cpp-L4678: CamCtrl[2020009], U3V SDKVersion(1020009), DriverVersion(0)
[2020-01-04 20:51:40] | CInterfaceManager.cpp-L1066: remalloc RecvBuf succeed, [693248]
[2020-01-04 20:51:40] | CInterfaceManager.cpp-L4335: Camctrl RecvThread Start, ThreadId[1325389568]
[2020-01-04 20:51:40] | CInterfaceManager.cpp-L4149: Camctrl DisplayThread Start, ThreadId[1316996864]
[2020-01-04 20:54:30] | CInterfaceManager.cpp-L4678: CamCtrl[2020009], U3V SDKVersion(1020009), DriverVersion(0)
[2020-01-04 20:54:31] | CInterfaceManager.cpp-L1066: remalloc RecvBuf succeed, [693248]
[2020-01-04 20:54:31] | CInterfaceManager.cpp-L4335: Camctrl RecvThread Start, ThreadId[1795151616]
[2020-01-04 20:54:31] | CInterfaceManager.cpp-L4149: Camctrl DisplayThread Start, ThreadId[1786758912]
[2020-01-04 20:57:27] | CInterfaceManager.cpp-L4678: CamCtrl[2020009], U3V SDKVersion(1020009), DriverVersion(0)
[2020-01-04 20:57:28] | CInterfaceManager.cpp-L1066: remalloc RecvBuf succeed, [693248]
[2020-01-04 20:57:28] | CInterfaceManager.cpp-L4335: Camctrl RecvThread Start, ThreadId[-455653632]
[2020-01-04 20:57:28] | CInterfaceManager.cpp-L4149: Camctrl DisplayThread Start, ThreadId[-671090944]
[2020-01-04 20:59:50] | CInterfaceManager.cpp-L4678: CamCtrl[2020009], U3V SDKVersion(1020009), DriverVersion(0)
[2020-01-04 20:59:51] | CInterfaceManager.cpp-L1066: remalloc RecvBuf succeed, [693248]
[2020-01-04 20:59:51] | CInterfaceManager.cpp-L4335: Camctrl RecvThread Start, ThreadId[-2030053632]
[2020-01-04 20:59:51] | CInterfaceManager.cpp-L4149: Camctrl DisplayThread Start, ThreadId[-2038446336]
[2020-01-04 21:00:22] | CInterfaceManager.cpp-L4678: CamCtrl[2020009], U3V SDKVersion(1020009), DriverVersion(0)
[2020-01-04 21:00:23] | CInterfaceManager.cpp-L1066: remalloc RecvBuf succeed, [693248]
[2020-01-04 21:00:23] | CInterfaceManager.cpp-L4335: Camctrl RecvThread Start, ThreadId[-1140852992]
[2020-01-04 21:00:23] | CInterfaceManager.cpp-L4149: Camctrl DisplayThread Start, ThreadId[-1149245696]
[2020-01-04 21:00:29] | CInterfaceManager.cpp-L4678: CamCtrl[2020009], U3V SDKVersion(1020009), DriverVersion(0)
[2020-01-04 21:00:30] | CInterfaceManager.cpp-L1066: remalloc RecvBuf succeed, [693248]
[2020-01-04 21:00:30] | CInterfaceManager.cpp-L4335: Camctrl RecvThread Start, ThreadId[1132455680]
[2020-01-04 21:00:30] | CInterfaceManager.cpp-L4149: Camctrl DisplayThread Start, ThreadId[1124062976]
[2020-01-04 21:01:02] | CInterfaceManager.cpp-L4678: CamCtrl[2020009], U3V SDKVersion(1020009), DriverVersion(0)
[2020-01-04 21:01:03] | CInterfaceManager.cpp-L1066: remalloc RecvBuf succeed, [693248]
[2020-01-04 21:01:03] | CInterfaceManager.cpp-L4335: Camctrl RecvThread Start, ThreadId[-1970153728]
[2020-01-04 21:01:03] | CInterfaceManager.cpp-L4149: Camctrl DisplayThread Start, ThreadId[-1978546432]
[2020-01-04 21:01:39] | CInterfaceManager.cpp-L4678: CamCtrl[2020009], U3V SDKVersion(1020009), DriverVersion(0)
[2020-01-04 21:01:40] | CInterfaceManager.cpp-L1066: remalloc RecvBuf succeed, [693248]
[2020-01-04 21:01:40] | CInterfaceManager.cpp-L4335: Camctrl RecvThread Start, ThreadId[2045323008]
[2020-01-04 21:01:40] | CInterfaceManager.cpp-L4149: Camctrl DisplayThread Start, ThreadId[2036930304]
[2020-01-04 21:04:55] | CInterfaceManager.cpp-L4678: CamCtrl[2020009], U3V SDKVersion(1020009), DriverVersion(0)
[2020-01-04 21:05:30] | CInterfaceManager.cpp-L4678: CamCtrl[2020009], U3V SDKVersion(1020009), DriverVersion(0)
[2020-01-04 21:05:31] | CInterfaceManager.cpp-L1066: remalloc RecvBuf succeed, [693248]
[2020-01-04 21:05:31] | CInterfaceManager.cpp-L4335: Camctrl RecvThread Start, ThreadId[-503093504]
[2020-01-04 21:05:31] | CInterfaceManager.cpp-L4149: Camctrl DisplayThread Start, ThreadId[-511486208]
[2020-01-04 21:06:58] | CInterfaceManager.cpp-L4678: CamCtrl[2020009], U3V SDKVersion(1020009), DriverVersion(0)
[2020-01-04 21:06:59] | CInterfaceManager.cpp-L1066: remalloc RecvBuf succeed, [693248]
[2020-01-04 21:06:59] | CInterfaceManager.cpp-L4149: Camctrl DisplayThread Start, ThreadId[-1993644288]
[2020-01-04 21:06:59] | CInterfaceManager.cpp-L4335: Camctrl RecvThread Start, ThreadId[-1985251584]
[2020-01-04 21:07:29] | CInterfaceManager.cpp-L4678: CamCtrl[2020009], U3V SDKVersion(1020009), DriverVersion(0)
[2020-01-04 21:07:30] | CInterfaceManager.cpp-L1066: remalloc RecvBuf succeed, [693248]
[2020-01-04 21:07:30] | CInterfaceManager.cpp-L4335: Camctrl RecvThread Start, ThreadId[-218114304]
[2020-01-04 21:07:30] | CInterfaceManager.cpp-L4149: Camctrl DisplayThread Start, ThreadId[-226507008]
[2020-01-04 21:10:17] | CInterfaceManager.cpp-L4678: CamCtrl[2020009], U3V SDKVersion(1020009), DriverVersion(0)
[2020-01-04 21:10:18] | CInterfaceManager.cpp-L1066: remalloc RecvBuf succeed, [693248]
[2020-01-04 21:10:18] | CInterfaceManager.cpp-L4335: Camctrl RecvThread Start, ThreadId[829531904]
[2020-01-04 21:10:18] | CInterfaceManager.cpp-L4149: Camctrl DisplayThread Start, ThreadId[821139200]
[2020-01-04 21:13:23] | CInterfaceManager.cpp-L4678: CamCtrl[2020009], U3V SDKVersion(1020009), DriverVersion(0)
[2020-01-04 21:13:24] | CInterfaceManager.cpp-L1066: remalloc RecvBuf succeed, [693248]
[2020-01-04 21:13:24] | CInterfaceManager.cpp-L4335: Camctrl RecvThread Start, ThreadId[-2304]
[2020-01-04 21:13:24] | CInterfaceManager.cpp-L4149: Camctrl DisplayThread Start, ThreadId[-8395008]
[2020-01-04 21:14:39] | CInterfaceManager.cpp-L4678: CamCtrl[2020009], U3V SDKVersion(1020009), DriverVersion(0)
[2020-01-04 21:14:40] | CInterfaceManager.cpp-L1066: remalloc RecvBuf succeed, [693248]
[2020-01-04 21:14:40] | CInterfaceManager.cpp-L4335: Camctrl RecvThread Start, ThreadId[-1895835904]
[2020-01-04 21:14:40] | CInterfaceManager.cpp-L4149: Camctrl DisplayThread Start, ThreadId[-1904228608]
[2020-01-04 21:15:43] | CInterfaceManager.cpp-L4678: CamCtrl[2020009], U3V SDKVersion(1020009), DriverVersion(0)
[2020-01-04 21:15:44] | CInterfaceManager.cpp-L1066: remalloc RecvBuf succeed, [693248]
[2020-01-04 21:15:44] | CInterfaceManager.cpp-L4335: Camctrl RecvThread Start, ThreadId[-1694509312]
[2020-01-04 21:15:44] | CInterfaceManager.cpp-L4149: Camctrl DisplayThread Start, ThreadId[-1702902016]
[2020-01-04 21:15:49] | CInterfaceManager.cpp-L4678: CamCtrl[2020009], U3V SDKVersion(1020009), DriverVersion(0)
[2020-01-04 21:15:50] | CInterfaceManager.cpp-L1066: remalloc RecvBuf succeed, [693248]
[2020-01-04 21:15:50] | CInterfaceManager.cpp-L4335: Camctrl RecvThread Start, ThreadId[-1820334336]
[2020-01-04 21:15:50] | CInterfaceManager.cpp-L4149: Camctrl DisplayThread Start, ThreadId[-1828727040]
[2020-01-04 21:15:58] | CInterfaceManager.cpp-L4678: CamCtrl[2020009], U3V SDKVersion(1020009), DriverVersion(0)
[2020-01-04 21:15:59] | CInterfaceManager.cpp-L1066: remalloc RecvBuf succeed, [693248]
[2020-01-04 21:15:59] | CInterfaceManager.cpp-L4335: Camctrl RecvThread Start, ThreadId[344696576]
[2020-01-04 21:15:59] | CInterfaceManager.cpp-L4149: Camctrl DisplayThread Start, ThreadId[134215424]
[2020-01-04 21:16:06] | CInterfaceManager.cpp-L4678: CamCtrl[2020009], U3V SDKVersion(1020009), DriverVersion(0)
[2020-01-04 21:16:16] | CInterfaceManager.cpp-L4678: CamCtrl[2020009], U3V SDKVersion(1020009), DriverVersion(0)
[2020-01-04 21:16:17] | CInterfaceManager.cpp-L1066: remalloc RecvBuf succeed, [693248]
[2020-01-04 21:16:17] | CInterfaceManager.cpp-L4335: Camctrl RecvThread Start, ThreadId[536868608]
[2020-01-04 21:16:17] | CInterfaceManager.cpp-L4149: Camctrl DisplayThread Start, ThreadId[528475904]
[2020-01-04 21:17:21] | CInterfaceManager.cpp-L4678: CamCtrl[2020009], U3V SDKVersion(1020009), DriverVersion(0)
[2020-01-04 21:17:22] | CInterfaceManager.cpp-L1066: remalloc RecvBuf succeed, [693248]
[2020-01-04 21:17:22] | CInterfaceManager.cpp-L4335: Camctrl RecvThread Start, ThreadId[-754985216]
[2020-01-04 21:17:22] | CInterfaceManager.cpp-L4149: Camctrl DisplayThread Start, ThreadId[-763377920]
[2020-01-05 18:14:49] | CInterfaceManager.cpp-L4678: CamCtrl[2020009], U3V SDKVersion(1020009), DriverVersion(0)
[2020-01-05 18:14:50] | CInterfaceManager.cpp-L1066: remalloc RecvBuf succeed, [693248]
[2020-01-05 18:14:50] | CInterfaceManager.cpp-L4335: Camctrl RecvThread Start, ThreadId[-1828727040]
[2020-01-05 18:14:50] | CInterfaceManager.cpp-L4149: Camctrl DisplayThread Start, ThreadId[-1837119744]
[2020-01-05 18:22:13] | CInterfaceManager.cpp-L4678: CamCtrl[2020009], U3V SDKVersion(1020009), DriverVersion(0)
[2020-01-05 18:22:14] | CInterfaceManager.cpp-L1066: remalloc RecvBuf succeed, [693248]
[2020-01-05 18:22:14] | CInterfaceManager.cpp-L4335: Camctrl RecvThread Start, ThreadId[-1309722880]
[2020-01-05 18:22:14] | CInterfaceManager.cpp-L4149: Camctrl DisplayThread Start, ThreadId[-1318115584]
[2020-01-05 18:23:41] | CInterfaceManager.cpp-L4678: CamCtrl[2020009], U3V SDKVersion(1020009), DriverVersion(0)
[2020-01-05 18:23:42] | CInterfaceManager.cpp-L1066: remalloc RecvBuf succeed, [693248]
[2020-01-05 18:23:42] | CInterfaceManager.cpp-L4335: Camctrl RecvThread Start, ThreadId[-2013268224]
[2020-01-05 18:23:42] | CInterfaceManager.cpp-L4149: Camctrl DisplayThread Start, ThreadId[-2021660928]
[2020-01-05 18:25:40] | CInterfaceManager.cpp-L4678: CamCtrl[2020009], U3V SDKVersion(1020009), DriverVersion(0)
[2020-01-05 18:25:41] | CInterfaceManager.cpp-L1066: remalloc RecvBuf succeed, [693248]
[2020-01-05 18:25:41] | CInterfaceManager.cpp-L4335: Camctrl RecvThread Start, ThreadId[-579455232]
[2020-01-05 18:25:41] | CInterfaceManager.cpp-L4149: Camctrl DisplayThread Start, ThreadId[-587847936]
[2020-01-05 18:27:28] | CInterfaceManager.cpp-L4678: CamCtrl[2020009], U3V SDKVersion(1020009), DriverVersion(0)
[2020-01-05 18:27:29] | CInterfaceManager.cpp-L1066: remalloc RecvBuf succeed, [693248]
[2020-01-05 18:27:29] | CInterfaceManager.cpp-L4335: Camctrl RecvThread Start, ThreadId[893867776]
[2020-01-05 18:27:29] | CInterfaceManager.cpp-L4149: Camctrl DisplayThread Start, ThreadId[885475072]
[2020-01-05 18:34:53] | CInterfaceManager.cpp-L4678: CamCtrl[2020009], U3V SDKVersion(1020009), DriverVersion(0)
[2020-01-05 18:34:54] | CInterfaceManager.cpp-L1066: remalloc RecvBuf succeed, [693248]
[2020-01-05 18:34:54] | CInterfaceManager.cpp-L4335: Camctrl RecvThread Start, ThreadId[-2105555200]
[2020-01-05 18:34:54] | CInterfaceManager.cpp-L4149: Camctrl DisplayThread Start, ThreadId[-2113947904]
[2020-01-05 18:36:09] | CInterfaceManager.cpp-L4678: CamCtrl[2020009], U3V SDKVersion(1020009), DriverVersion(0)
[2020-01-05 18:36:10] | CInterfaceManager.cpp-L1066: remalloc RecvBuf succeed, [693248]
[2020-01-05 18:36:10] | CInterfaceManager.cpp-L4335: Camctrl RecvThread Start, ThreadId[-268437760]
[2020-01-05 18:36:10] | CInterfaceManager.cpp-L4149: Camctrl DisplayThread Start, ThreadId[-276830464]
[2020-01-05 18:41:20] | CInterfaceManager.cpp-L4678: CamCtrl[2020009], U3V SDKVersion(1020009), DriverVersion(0)
[2020-01-05 18:41:21] | CInterfaceManager.cpp-L1066: remalloc RecvBuf succeed, [693248]
[2020-01-05 18:41:21] | CInterfaceManager.cpp-L4335: Camctrl RecvThread Start, ThreadId[2139088640]
[2020-01-05 18:41:21] | CInterfaceManager.cpp-L4149: Camctrl DisplayThread Start, ThreadId[2130695936]
[2020-01-05 18:45:25] | CInterfaceManager.cpp-L4678: CamCtrl[2020009], U3V SDKVersion(1020009), DriverVersion(0)
[2020-01-05 18:45:26] | CInterfaceManager.cpp-L1066: remalloc RecvBuf succeed, [693248]
[2020-01-05 18:45:26] | CInterfaceManager.cpp-L4335: Camctrl RecvThread Start, ThreadId[1654781696]
[2020-01-05 18:45:26] | CInterfaceManager.cpp-L4149: Camctrl DisplayThread Start, ThreadId[1646388992]
[2020-01-05 18:47:01] | CInterfaceManager.cpp-L4678: CamCtrl[2020009], U3V SDKVersion(1020009), DriverVersion(0)
[2020-01-05 18:47:02] | CInterfaceManager.cpp-L1066: remalloc RecvBuf succeed, [693248]
[2020-01-05 18:47:02] | CInterfaceManager.cpp-L4335: Camctrl RecvThread Start, ThreadId[-822094080]
[2020-01-05 18:47:02] | CInterfaceManager.cpp-L4149: Camctrl DisplayThread Start, ThreadId[-830486784]
[2020-01-05 18:53:02] | CInterfaceManager.cpp-L4678: CamCtrl[2020009], U3V SDKVersion(1020009), DriverVersion(0)
[2020-01-05 18:53:03] | CInterfaceManager.cpp-L1066: remalloc RecvBuf succeed, [693248]
[2020-01-05 18:53:03] | CInterfaceManager.cpp-L4335: Camctrl RecvThread Start, ThreadId[-1059801344]
[2020-01-05 18:53:03] | CInterfaceManager.cpp-L4149: Camctrl DisplayThread Start, ThreadId[-1275070720]
[2020-01-05 18:53:21] | CInterfaceManager.cpp-L4678: CamCtrl[2020009], U3V SDKVersion(1020009), DriverVersion(0)
[2020-01-05 18:57:06] | CInterfaceManager.cpp-L4678: CamCtrl[2020009], U3V SDKVersion(1020009), DriverVersion(0)
[2020-01-05 18:57:07] | CInterfaceManager.cpp-L1066: remalloc RecvBuf succeed, [693248]
[2020-01-05 18:57:07] | CInterfaceManager.cpp-L4335: Camctrl RecvThread Start, ThreadId[1704109824]
[2020-01-05 18:57:07] | CInterfaceManager.cpp-L4149: Camctrl DisplayThread Start, ThreadId[1695717120]
[2020-01-05 18:57:46] | CInterfaceManager.cpp-L4678: CamCtrl[2020009], U3V SDKVersion(1020009), DriverVersion(0)
[2020-01-05 18:57:47] | CInterfaceManager.cpp-L1066: remalloc RecvBuf succeed, [693248]
[2020-01-05 18:57:47] | CInterfaceManager.cpp-L4335: Camctrl RecvThread Start, ThreadId[-201328896]
[2020-01-05 18:57:47] | CInterfaceManager.cpp-L4149: Camctrl DisplayThread Start, ThreadId[-209721600]
[2020-01-05 19:00:04] | CInterfaceManager.cpp-L4678: CamCtrl[2020009], U3V SDKVersion(1020009), DriverVersion(0)
[2020-01-05 19:00:05] | CInterfaceManager.cpp-L1066: remalloc RecvBuf succeed, [693248]
[2020-01-05 19:00:05] | CInterfaceManager.cpp-L4335: Camctrl RecvThread Start, ThreadId[-1228200192]
[2020-01-05 19:00:05] | CInterfaceManager.cpp-L4149: Camctrl DisplayThread Start, ThreadId[-1236592896]
[2020-01-05 19:01:37] | CInterfaceManager.cpp-L4678: CamCtrl[2020009], U3V SDKVersion(1020009), DriverVersion(0)
[2020-01-05 19:01:38] | CInterfaceManager.cpp-L1066: remalloc RecvBuf succeed, [693248]
[2020-01-05 19:01:38] | CInterfaceManager.cpp-L4335: Camctrl RecvThread Start, ThreadId[-1031813376]
[2020-01-05 19:01:38] | CInterfaceManager.cpp-L4149: Camctrl DisplayThread Start, ThreadId[-1040206080]
[2020-01-05 19:02:15] | CInterfaceManager.cpp-L4678: CamCtrl[2020009], U3V SDKVersion(1020009), DriverVersion(0)
[2020-01-05 19:02:16] | CInterfaceManager.cpp-L1066: remalloc RecvBuf succeed, [693248]
[2020-01-05 19:02:16] | CInterfaceManager.cpp-L4335: Camctrl RecvThread Start, ThreadId[-250538240]
[2020-01-05 19:02:16] | CInterfaceManager.cpp-L4149: Camctrl DisplayThread Start, ThreadId[-258930944]
[2020-01-05 19:25:07] | CInterfaceManager.cpp-L4678: CamCtrl[2020009], U3V SDKVersion(1020009), DriverVersion(0)
[2020-01-05 19:25:08] | CInterfaceManager.cpp-L1066: remalloc RecvBuf succeed, [693248]
[2020-01-05 19:25:08] | CInterfaceManager.cpp-L4335: Camctrl RecvThread Start, ThreadId[-2060880128]
[2020-01-05 19:25:08] | CInterfaceManager.cpp-L4149: Camctrl DisplayThread Start, ThreadId[-2069272832]
[2020-01-05 19:26:53] | CInterfaceManager.cpp-L4678: CamCtrl[2020009], U3V SDKVersion(1020009), DriverVersion(0)
[2020-01-05 19:26:54] | CInterfaceManager.cpp-L1066: remalloc RecvBuf succeed, [693248]
[2020-01-05 19:26:54] | CInterfaceManager.cpp-L4335: Camctrl RecvThread Start, ThreadId[-813701376]
[2020-01-05 19:26:54] | CInterfaceManager.cpp-L4149: Camctrl DisplayThread Start, ThreadId[-822094080]
[2020-01-05 19:28:27] | CInterfaceManager.cpp-L4678: CamCtrl[2020009], U3V SDKVersion(1020009), DriverVersion(0)
[2020-01-05 19:28:28] | CInterfaceManager.cpp-L1066: remalloc RecvBuf succeed, [693248]
[2020-01-05 19:28:28] | CInterfaceManager.cpp-L4335: Camctrl RecvThread Start, ThreadId[315815680]
[2020-01-05 19:28:28] | CInterfaceManager.cpp-L4149: Camctrl DisplayThread Start, ThreadId[307422976]
[2020-01-05 19:29:39] | CInterfaceManager.cpp-L4678: CamCtrl[2020009], U3V SDKVersion(1020009), DriverVersion(0)
[2020-01-05 19:29:40] | CInterfaceManager.cpp-L1066: remalloc RecvBuf succeed, [693248]
[2020-01-05 19:29:40] | CInterfaceManager.cpp-L4335: Camctrl RecvThread Start, ThreadId[-856758528]
[2020-01-05 19:29:40] | CInterfaceManager.cpp-L4149: Camctrl DisplayThread Start, ThreadId[-1207961856]
[2020-01-05 19:30:44] | CInterfaceManager.cpp-L4678: CamCtrl[2020009], U3V SDKVersion(1020009), DriverVersion(0)
[2020-01-05 19:30:59] | CInterfaceManager.cpp-L4678: CamCtrl[2020009], U3V SDKVersion(1020009), DriverVersion(0)
[2020-01-05 19:31:00] | CInterfaceManager.cpp-L1066: remalloc RecvBuf succeed, [693248]
[2020-01-05 19:31:00] | CInterfaceManager.cpp-L4335: Camctrl RecvThread Start, ThreadId[327149312]
[2020-01-05 19:31:00] | CInterfaceManager.cpp-L4149: Camctrl DisplayThread Start, ThreadId[318756608]
[2020-01-05 19:34:28] | CInterfaceManager.cpp-L4678: CamCtrl[2020009], U3V SDKVersion(1020009), DriverVersion(0)
[2020-01-05 19:34:29] | CInterfaceManager.cpp-L1066: remalloc RecvBuf succeed, [693248]
[2020-01-05 19:34:29] | CInterfaceManager.cpp-L4335: Camctrl RecvThread Start, ThreadId[1916442368]
[2020-01-05 19:34:29] | CInterfaceManager.cpp-L4149: Camctrl DisplayThread Start, ThreadId[1908049664]
[2020-01-05 19:56:57] | CInterfaceManager.cpp-L4678: CamCtrl[2020009], U3V SDKVersion(1020009), DriverVersion(0)
[2020-01-05 19:56:58] | CInterfaceManager.cpp-L1066: remalloc RecvBuf succeed, [693248]
[2020-01-05 19:56:58] | CInterfaceManager.cpp-L4335: Camctrl RecvThread Start, ThreadId[1266673408]
[2020-01-05 19:56:58] | CInterfaceManager.cpp-L4149: Camctrl DisplayThread Start, ThreadId[1258280704]
[2020-01-05 20:00:20] | CInterfaceManager.cpp-L4678: CamCtrl[2020009], U3V SDKVersion(1020009), DriverVersion(0)
[2020-01-05 20:00:21] | CInterfaceManager.cpp-L1066: remalloc RecvBuf succeed, [693248]
[2020-01-05 20:00:21] | CInterfaceManager.cpp-L4335: Camctrl RecvThread Start, ThreadId[776783616]
[2020-01-05 20:00:21] | CInterfaceManager.cpp-L4149: Camctrl DisplayThread Start, ThreadId[768390912]
[2020-01-05 20:24:00] | CInterfaceManager.cpp-L4678: CamCtrl[2020009], U3V SDKVersion(1020009), DriverVersion(0)
[2020-01-05 20:24:01] | CInterfaceManager.cpp-L1066: remalloc RecvBuf succeed, [693248]
[2020-01-05 20:24:01] | CInterfaceManager.cpp-L4335: Camctrl RecvThread Start, ThreadId[1221154560]
[2020-01-05 20:24:01] | CInterfaceManager.cpp-L4149: Camctrl DisplayThread Start, ThreadId[1006630656]
[2020-01-05 20:26:36] | CInterfaceManager.cpp-L4678: CamCtrl[2020009], U3V SDKVersion(1020009), DriverVersion(0)
[2020-01-05 20:26:37] | CInterfaceManager.cpp-L1066: remalloc RecvBuf succeed, [693248]
[2020-01-05 20:26:37] | CInterfaceManager.cpp-L4335: Camctrl RecvThread Start, ThreadId[-1501575424]
[2020-01-05 20:26:37] | CInterfaceManager.cpp-L4149: Camctrl DisplayThread Start, ThreadId[-1509968128]
[2020-01-05 20:30:39] | CInterfaceManager.cpp-L4678: CamCtrl[2020009], U3V SDKVersion(1020009), DriverVersion(0)
[2020-01-05 20:30:40] | CInterfaceManager.cpp-L1066: remalloc RecvBuf succeed, [693248]
[2020-01-05 20:30:40] | CInterfaceManager.cpp-L4335: Camctrl RecvThread Start, ThreadId[1132455680]
[2020-01-05 20:30:40] | CInterfaceManager.cpp-L4149: Camctrl DisplayThread Start, ThreadId[1124062976]
[2020-01-05 20:32:04] | CInterfaceManager.cpp-L4678: CamCtrl[2020009], U3V SDKVersion(1020009), DriverVersion(0)
[2020-01-05 20:32:05] | CInterfaceManager.cpp-L1066: remalloc RecvBuf succeed, [693248]
[2020-01-05 20:32:05] | CInterfaceManager.cpp-L4335: Camctrl RecvThread Start, ThreadId[1400891136]
[2020-01-05 20:32:05] | CInterfaceManager.cpp-L4149: Camctrl DisplayThread Start, ThreadId[1392498432]
[2020-01-05 20:38:21] | CInterfaceManager.cpp-L4678: CamCtrl[2020009], U3V SDKVersion(1020009), DriverVersion(0)
[2020-01-05 20:38:22] | CInterfaceManager.cpp-L1066: remalloc RecvBuf succeed, [693248]
[2020-01-05 20:38:22] | CInterfaceManager.cpp-L4335: Camctrl RecvThread Start, ThreadId[570111744]
[2020-01-05 20:38:22] | CInterfaceManager.cpp-L4149: Camctrl DisplayThread Start, ThreadId[561719040]
[2020-01-05 20:39:44] | CInterfaceManager.cpp-L4678: CamCtrl[2020009], U3V SDKVersion(1020009), DriverVersion(0)
[2020-01-05 20:39:45] | CInterfaceManager.cpp-L1066: remalloc RecvBuf succeed, [693248]
[2020-01-05 20:39:45] | CInterfaceManager.cpp-L4335: Camctrl RecvThread Start, ThreadId[1526716160]
[2020-01-05 20:39:45] | CInterfaceManager.cpp-L4149: Camctrl DisplayThread Start, ThreadId[1518323456]
[2020-01-05 20:42:11] | CInterfaceManager.cpp-L4678: CamCtrl[2020009], U3V SDKVersion(1020009), DriverVersion(0)
[2020-01-05 20:42:12] | CInterfaceManager.cpp-L1066: remalloc RecvBuf succeed, [693248]
[2020-01-05 20:42:12] | CInterfaceManager.cpp-L4335: Camctrl RecvThread Start, ThreadId[-8395008]
[2020-01-05 20:42:12] | CInterfaceManager.cpp-L4149: Camctrl DisplayThread Start, ThreadId[-16787712]
[2020-01-05 20:46:08] | CInterfaceManager.cpp-L4678: CamCtrl[2020009], U3V SDKVersion(1020009), DriverVersion(0)
[2020-01-05 20:46:09] | CInterfaceManager.cpp-L1066: remalloc RecvBuf succeed, [693248]
[2020-01-05 20:46:09] | CInterfaceManager.cpp-L4335: Camctrl RecvThread Start, ThreadId[-992930048]
[2020-01-05 20:46:09] | CInterfaceManager.cpp-L4149: Camctrl DisplayThread Start, ThreadId[-1207961856]
[2020-01-05 20:46:18] | CInterfaceManager.cpp-L4678: CamCtrl[2020009], U3V SDKVersion(1020009), DriverVersion(0)
[2020-01-05 20:46:19] | CInterfaceManager.cpp-L1066: remalloc RecvBuf succeed, [693248]
[2020-01-05 20:46:19] | CInterfaceManager.cpp-L4335: Camctrl RecvThread Start, ThreadId[-246171904]
[2020-01-05 20:46:19] | CInterfaceManager.cpp-L4149: Camctrl DisplayThread Start, ThreadId[-254564608]
[2020-01-05 20:49:48] | CInterfaceManager.cpp-L4678: CamCtrl[2020009], U3V SDKVersion(1020009), DriverVersion(0)
[2020-01-05 20:49:49] | CInterfaceManager.cpp-L1066: remalloc RecvBuf succeed, [693248]
[2020-01-05 20:49:49] | CInterfaceManager.cpp-L4335: Camctrl RecvThread Start, ThreadId[-1243867392]
[2020-01-05 20:49:49] | CInterfaceManager.cpp-L4149: Camctrl DisplayThread Start, ThreadId[-1252260096]
[2020-01-05 20:51:06] | CInterfaceManager.cpp-L4678: CamCtrl[2020009], U3V SDKVersion(1020009), DriverVersion(0)
[2020-01-05 20:51:07] | CInterfaceManager.cpp-L1066: remalloc RecvBuf succeed, [693248]
[2020-01-05 20:51:07] | CInterfaceManager.cpp-L4335: Camctrl RecvThread Start, ThreadId[1379661568]
[2020-01-05 20:51:07] | CInterfaceManager.cpp-L4149: Camctrl DisplayThread Start, ThreadId[1371268864]
[2020-01-05 20:57:22] | CInterfaceManager.cpp-L4678: CamCtrl[2020009], U3V SDKVersion(1020009), DriverVersion(0)
[2020-01-05 20:57:23] | CInterfaceManager.cpp-L1066: remalloc RecvBuf succeed, [693248]
[2020-01-05 20:57:23] | CInterfaceManager.cpp-L4335: Camctrl RecvThread Start, ThreadId[-1820334336]
[2020-01-05 20:57:23] | CInterfaceManager.cpp-L4149: Camctrl DisplayThread Start, ThreadId[-1828727040]
[2020-01-05 21:11:23] | CInterfaceManager.cpp-L4678: CamCtrl[2020009], U3V SDKVersion(1020009), DriverVersion(0)
[2020-01-05 21:11:24] | CInterfaceManager.cpp-L1066: remalloc RecvBuf succeed, [693248]
[2020-01-05 21:11:24] | CInterfaceManager.cpp-L4335: Camctrl RecvThread Start, ThreadId[97560320]
[2020-01-05 21:11:24] | CInterfaceManager.cpp-L4149: Camctrl DisplayThread Start, ThreadId[89167616]
[2020-01-05 21:14:55] | CInterfaceManager.cpp-L4678: CamCtrl[2020009], U3V SDKVersion(1020009), DriverVersion(0)
[2020-01-05 21:15:05] | CInterfaceManager.cpp-L4678: CamCtrl[2020009], U3V SDKVersion(1020009), DriverVersion(0)
[2020-01-05 21:15:06] | CInterfaceManager.cpp-L1066: remalloc RecvBuf succeed, [693248]
[2020-01-05 21:15:06] | CInterfaceManager.cpp-L4149: Camctrl DisplayThread Start, ThreadId[-2105555200]
[2020-01-05 21:15:06] | CInterfaceManager.cpp-L4335: Camctrl RecvThread Start, ThreadId[-2097162496]
[2020-01-05 21:15:33] | CInterfaceManager.cpp-L4678: CamCtrl[2020009], U3V SDKVersion(1020009), DriverVersion(0)
[2020-01-05 21:15:34] | CInterfaceManager.cpp-L1066: remalloc RecvBuf succeed, [693248]
[2020-01-05 21:15:34] | CInterfaceManager.cpp-L4335: Camctrl RecvThread Start, ThreadId[1191171840]
[2020-01-05 21:15:34] | CInterfaceManager.cpp-L4149: Camctrl DisplayThread Start, ThreadId[1182779136]
[2020-01-05 21:15:51] | CInterfaceManager.cpp-L4678: CamCtrl[2020009], U3V SDKVersion(1020009), DriverVersion(0)
[2020-01-05 21:15:52] | CInterfaceManager.cpp-L1066: remalloc RecvBuf succeed, [693248]
[2020-01-05 21:15:52] | CInterfaceManager.cpp-L4149: Camctrl DisplayThread Start, ThreadId[-1307093248]
[2020-01-05 21:15:52] | CInterfaceManager.cpp-L4335: Camctrl RecvThread Start, ThreadId[-1298700544]
[2020-01-05 21:20:04] | CInterfaceManager.cpp-L4678: CamCtrl[2020009], U3V SDKVersion(1020009), DriverVersion(0)
[2020-01-05 21:20:05] | CInterfaceManager.cpp-L1066: remalloc RecvBuf succeed, [693248]
[2020-01-05 21:20:05] | CInterfaceManager.cpp-L4335: Camctrl RecvThread Start, ThreadId[974608128]
[2020-01-05 21:20:05] | CInterfaceManager.cpp-L4149: Camctrl DisplayThread Start, ThreadId[966215424]
[2020-01-05 21:21:56] | CInterfaceManager.cpp-L4678: CamCtrl[2020009], U3V SDKVersion(1020009), DriverVersion(0)
[2020-01-05 21:21:57] | CInterfaceManager.cpp-L1066: remalloc RecvBuf succeed, [693248]
[2020-01-05 21:21:57] | CInterfaceManager.cpp-L4149: Camctrl DisplayThread Start, ThreadId[1035941632]
[2020-01-05 21:21:57] | CInterfaceManager.cpp-L4335: Camctrl RecvThread Start, ThreadId[1044334336]
[2020-01-05 21:23:18] | CInterfaceManager.cpp-L4678: CamCtrl[2020009], U3V SDKVersion(1020009), DriverVersion(0)
[2020-01-05 21:23:19] | CInterfaceManager.cpp-L1066: remalloc RecvBuf succeed, [693248]
[2020-01-05 21:23:19] | CInterfaceManager.cpp-L4335: Camctrl RecvThread Start, ThreadId[-987318528]
[2020-01-05 21:23:19] | CInterfaceManager.cpp-L4149: Camctrl DisplayThread Start, ThreadId[-995711232]
[2020-01-05 21:24:01] | CInterfaceManager.cpp-L4678: CamCtrl[2020009], U3V SDKVersion(1020009), DriverVersion(0)
[2020-01-05 21:24:02] | CInterfaceManager.cpp-L1066: remalloc RecvBuf succeed, [693248]
[2020-01-05 21:24:02] | CInterfaceManager.cpp-L4149: Camctrl DisplayThread Start, ThreadId[872412928]
[2020-01-05 21:24:02] | CInterfaceManager.cpp-L4335: Camctrl RecvThread Start, ThreadId[1084065536]
[2020-01-05 21:24:49] | CInterfaceManager.cpp-L4678: CamCtrl[2020009], U3V SDKVersion(1020009), DriverVersion(0)
[2020-01-05 21:24:50] | CInterfaceManager.cpp-L1066: remalloc RecvBuf succeed, [693248]
[2020-01-05 21:24:50] | CInterfaceManager.cpp-L4335: Camctrl RecvThread Start, ThreadId[847234816]
[2020-01-05 21:24:50] | CInterfaceManager.cpp-L4149: Camctrl DisplayThread Start, ThreadId[838842112]
[2020-01-05 21:25:43] | CInterfaceManager.cpp-L4678: CamCtrl[2020009], U3V SDKVersion(1020009), DriverVersion(0)
[2020-01-05 21:25:44] | CInterfaceManager.cpp-L1066: remalloc RecvBuf succeed, [693248]
[2020-01-05 21:25:44] | CInterfaceManager.cpp-L4335: Camctrl RecvThread Start, ThreadId[-1923012864]
[2020-01-05 21:25:44] | CInterfaceManager.cpp-L4149: Camctrl DisplayThread Start, ThreadId[-1931405568]
[2020-01-06 18:25:10] | CInterfaceManager.cpp-L4678: CamCtrl[2020009], U3V SDKVersion(1020009), DriverVersion(0)
[2020-01-06 18:25:11] | CInterfaceManager.cpp-L1066: remalloc RecvBuf succeed, [693248]
[2020-01-06 18:25:11] | CInterfaceManager.cpp-L4335: Camctrl RecvThread Start, ThreadId[1161991936]
[2020-01-06 18:25:11] | CInterfaceManager.cpp-L4149: Camctrl DisplayThread Start, ThreadId[1153599232]
[2020-01-06 18:30:26] | CInterfaceManager.cpp-L4678: CamCtrl[2020009], U3V SDKVersion(1020009), DriverVersion(0)
[2020-01-06 18:30:27] | CInterfaceManager.cpp-L1066: remalloc RecvBuf succeed, [693248]
[2020-01-06 18:30:27] | CInterfaceManager.cpp-L4335: Camctrl RecvThread Start, ThreadId[166852352]
[2020-01-06 18:30:27] | CInterfaceManager.cpp-L4149: Camctrl DisplayThread Start, ThreadId[158459648]
[2020-01-06 18:52:46] | CInterfaceManager.cpp-L4678: CamCtrl[2020009], U3V SDKVersion(1020009), DriverVersion(0)
[2020-01-06 18:52:47] | CInterfaceManager.cpp-L1066: remalloc RecvBuf succeed, [693248]
[2020-01-06 18:52:47] | CInterfaceManager.cpp-L4335: Camctrl RecvThread Start, ThreadId[-2051602688]
[2020-01-06 18:52:47] | CInterfaceManager.cpp-L4149: Camctrl DisplayThread Start, ThreadId[-2059995392]
[2020-01-06 18:57:45] | CInterfaceManager.cpp-L4678: CamCtrl[2020009], U3V SDKVersion(1020009), DriverVersion(0)
[2020-01-06 18:57:46] | CInterfaceManager.cpp-L1066: remalloc RecvBuf succeed, [693248]
[2020-01-06 18:57:46] | CInterfaceManager.cpp-L4335: Camctrl RecvThread Start, ThreadId[-1036130560]
[2020-01-06 18:57:46] | CInterfaceManager.cpp-L4149: Camctrl DisplayThread Start, ThreadId[-1044523264]
[2020-01-06 19:05:23] | CInterfaceManager.cpp-L4678: CamCtrl[2020009], U3V SDKVersion(1020009), DriverVersion(0)
[2020-01-06 19:05:24] | CInterfaceManager.cpp-L1066: remalloc RecvBuf succeed, [693248]
[2020-01-06 19:05:24] | CInterfaceManager.cpp-L4335: Camctrl RecvThread Start, ThreadId[1114175232]
[2020-01-06 19:05:24] | CInterfaceManager.cpp-L4149: Camctrl DisplayThread Start, ThreadId[1105782528]
[2020-01-06 19:10:31] | CInterfaceManager.cpp-L4678: CamCtrl[2020009], U3V SDKVersion(1020009), DriverVersion(0)
[2020-01-06 19:10:32] | CInterfaceManager.cpp-L1066: remalloc RecvBuf succeed, [693248]
[2020-01-06 19:10:32] | CInterfaceManager.cpp-L4335: Camctrl RecvThread Start, ThreadId[-1723771136]
[2020-01-06 19:10:32] | CInterfaceManager.cpp-L4149: Camctrl DisplayThread Start, ThreadId[-1732163840]
[2020-01-06 19:36:45] | CInterfaceManager.cpp-L4678: CamCtrl[2020009], U3V SDKVersion(1020009), DriverVersion(0)
[2020-01-06 19:36:46] | CInterfaceManager.cpp-L1066: remalloc RecvBuf succeed, [693248]
[2020-01-06 19:36:46] | CInterfaceManager.cpp-L4335: Camctrl RecvThread Start, ThreadId[1356351232]
[2020-01-06 19:36:46] | CInterfaceManager.cpp-L4149: Camctrl DisplayThread Start, ThreadId[1140848384]
[2020-01-06 20:10:48] | CInterfaceManager.cpp-L4678: CamCtrl[2020009], U3V SDKVersion(1020009), DriverVersion(0)
[2020-01-06 20:10:49] | CInterfaceManager.cpp-L1066: remalloc RecvBuf succeed, [693248]
[2020-01-06 20:10:49] | CInterfaceManager.cpp-L4335: Camctrl RecvThread Start, ThreadId[293254912]
[2020-01-06 20:10:49] | CInterfaceManager.cpp-L4149: Camctrl DisplayThread Start, ThreadId[284862208]
[2020-01-06 20:12:52] | CInterfaceManager.cpp-L4678: CamCtrl[2020009], U3V SDKVersion(1020009), DriverVersion(0)
[2020-01-06 20:12:54] | CInterfaceManager.cpp-L1066: remalloc RecvBuf succeed, [693248]
[2020-01-06 20:12:54] | CInterfaceManager.cpp-L4335: Camctrl RecvThread Start, ThreadId[2120361728]
[2020-01-06 20:12:54] | CInterfaceManager.cpp-L4149: Camctrl DisplayThread Start, ThreadId[2111969024]
[2020-01-06 20:15:28] | CInterfaceManager.cpp-L4678: CamCtrl[2020009], U3V SDKVersion(1020009), DriverVersion(0)
[2020-01-06 20:15:29] | CInterfaceManager.cpp-L1066: remalloc RecvBuf succeed, [693248]
[2020-01-06 20:15:29] | CInterfaceManager.cpp-L4335: Camctrl RecvThread Start, ThreadId[-902961408]
[2020-01-06 20:15:29] | CInterfaceManager.cpp-L4149: Camctrl DisplayThread Start, ThreadId[-911354112]
[2020-01-06 20:16:59] | CInterfaceManager.cpp-L4678: CamCtrl[2020009], U3V SDKVersion(1020009), DriverVersion(0)
[2020-01-06 20:17:00] | CInterfaceManager.cpp-L1066: remalloc RecvBuf succeed, [693248]
[2020-01-06 20:17:00] | CInterfaceManager.cpp-L4335: Camctrl RecvThread Start, ThreadId[-1053501696]
[2020-01-06 20:17:00] | CInterfaceManager.cpp-L4149: Camctrl DisplayThread Start, ThreadId[-1061894400]
[2020-01-06 20:46:17] | CInterfaceManager.cpp-L4678: CamCtrl[2020009], U3V SDKVersion(1020009), DriverVersion(0)
[2020-01-06 20:46:18] | CInterfaceManager.cpp-L1066: remalloc RecvBuf succeed, [693248]
[2020-01-06 20:46:18] | CInterfaceManager.cpp-L4335: Camctrl RecvThread Start, ThreadId[-1992894720]
[2020-01-06 20:46:18] | CInterfaceManager.cpp-L4149: Camctrl DisplayThread Start, ThreadId[-2001287424]
[2020-01-06 21:18:15] | CInterfaceManager.cpp-L4678: CamCtrl[2020009], U3V SDKVersion(1020009), DriverVersion(0)
[2020-01-06 21:18:16] | CInterfaceManager.cpp-L1066: remalloc RecvBuf succeed, [693248]
[2020-01-06 21:18:16] | CInterfaceManager.cpp-L4335: Camctrl RecvThread Start, ThreadId[-151005440]
[2020-01-06 21:18:16] | CInterfaceManager.cpp-L4149: Camctrl DisplayThread Start, ThreadId[-159398144]
[2020-01-06 21:22:22] | CInterfaceManager.cpp-L4678: CamCtrl[2020009], U3V SDKVersion(1020009), DriverVersion(0)
[2020-01-06 21:22:23] | CInterfaceManager.cpp-L1066: remalloc RecvBuf succeed, [693248]
[2020-01-06 21:22:23] | CInterfaceManager.cpp-L4335: Camctrl RecvThread Start, ThreadId[-362916096]
[2020-01-06 21:22:23] | CInterfaceManager.cpp-L4149: Camctrl DisplayThread Start, ThreadId[-371308800]
[2020-01-06 21:23:57] | CInterfaceManager.cpp-L4678: CamCtrl[2020009], U3V SDKVersion(1020009), DriverVersion(0)
[2020-01-06 21:23:58] | CInterfaceManager.cpp-L1066: remalloc RecvBuf succeed, [693248]
[2020-01-06 21:23:58] | CInterfaceManager.cpp-L4335: Camctrl RecvThread Start, ThreadId[1116309248]
[2020-01-06 21:23:58] | CInterfaceManager.cpp-L4149: Camctrl DisplayThread Start, ThreadId[1107916544]
[2020-01-13 12:12:30] | CInterfaceManager.cpp-L4678: CamCtrl[2020009], U3V SDKVersion(1020009), DriverVersion(0)
[2020-01-13 12:12:31] | CInterfaceManager.cpp-L1066: remalloc RecvBuf succeed, [693248]
[2020-01-13 12:12:31] | CInterfaceManager.cpp-L4335: Camctrl RecvThread Start, ThreadId[1140848384]
[2020-01-13 12:12:31] | CInterfaceManager.cpp-L4149: Camctrl DisplayThread Start, ThreadId[1132455680]
